<?xml version="1.0" encoding="UTF-8"?>
<!-- Generated by org.testng.reporters.JUnitXMLReporter -->
<<<<<<< HEAD
<testsuite ignored="29" hostname="DESKTOP-RVJV18D" failures="1" tests="1" name="Default test" time="0.187" errors="0" timestamp="2024-03-21T15:28:49 IST">
  <testcase classname="com.testserver.testcases.DInsurance_Test" name="insuSurveyorUpdateInfo" time="0.018">
    <failure type="java.lang.Error" message="Unresolved compilation problem: 
	The method insuSurveyorUpdateInfo() is undefined for the type DInsurance
">
      <![CDATA[java.lang.Error: Unresolved compilation problem: 
The method insuSurveyorUpdateInfo() is undefined for the type DInsurance

at com.testserver.testcases.DInsurance_Test.insuSurveyorUpdateInfo(DInsurance_Test.java:80)
at java.base/jdk.internal.reflect.DirectMethodHandleAccessor.invoke(DirectMethodHandleAccessor.java:103)
at java.base/java.lang.reflect.Method.invoke(Method.java:580)
at org.testng.internal.invokers.MethodInvocationHelper.invokeMethod(MethodInvocationHelper.java:139)
at org.testng.internal.invokers.TestInvoker.invokeMethod(TestInvoker.java:664)
at org.testng.internal.invokers.TestInvoker.invokeTestMethod(TestInvoker.java:228)
at org.testng.internal.invokers.MethodRunner.runInSequence(MethodRunner.java:63)
at org.testng.internal.invokers.TestInvoker$MethodInvocationAgent.invoke(TestInvoker.java:961)
at org.testng.internal.invokers.TestInvoker.invokeTestMethods(TestInvoker.java:201)
at org.testng.internal.invokers.TestMethodWorker.invokeTestMethods(TestMethodWorker.java:148)
at org.testng.internal.invokers.TestMethodWorker.run(TestMethodWorker.java:128)
at java.base/java.util.ArrayList.forEach(ArrayList.java:1596)
at org.testng.TestRunner.privateRun(TestRunner.java:819)
at org.testng.TestRunner.run(TestRunner.java:619)
at org.testng.SuiteRunner.runTest(SuiteRunner.java:443)
at org.testng.SuiteRunner.runSequentially(SuiteRunner.java:437)
at org.testng.SuiteRunner.privateRun(SuiteRunner.java:397)
at org.testng.SuiteRunner.run(SuiteRunner.java:336)
at org.testng.SuiteRunnerWorker.runSuite(SuiteRunnerWorker.java:52)
at org.testng.SuiteRunnerWorker.run(SuiteRunnerWorker.java:95)
at org.testng.TestNG.runSuitesSequentially(TestNG.java:1301)
at org.testng.TestNG.runSuitesLocally(TestNG.java:1228)
at org.testng.TestNG.runSuites(TestNG.java:1134)
at org.testng.TestNG.run(TestNG.java:1101)
at org.testng.remote.AbstractRemoteTestNG.run(AbstractRemoteTestNG.java:115)
at org.testng.remote.RemoteTestNG.initAndRun(RemoteTestNG.java:251)
at org.testng.remote.RemoteTestNG.main(RemoteTestNG.java:77)
]]>
    </failure>
  </testcase> <!-- insuSurveyorUpdateInfo -->
  <testcase classname="com.testserver.testcases.DInsurance_Test" name="insuAttachDocClaimresolution" time="0.0">
    <ignored/>
  </testcase> <!-- insuAttachDocClaimresolution -->
  <testcase classname="com.testserver.testcases.DInsurance_Test" name="insuPendingLiquidationAddRemarks" time="0.0">
    <ignored/>
  </testcase> <!-- insuPendingLiquidationAddRemarks -->
  <testcase classname="com.testserver.testcases.DInsurance_Test" name="insuSurveyorClaimInspectionDate" time="0.0">
    <ignored/>
  </testcase> <!-- insuSurveyorClaimInspectionDate -->
  <testcase classname="com.testserver.testcases.DInsurance_Test" name="insuPendingLiquidationSelectItem" time="0.0">
    <ignored/>
  </testcase> <!-- insuPendingLiquidationSelectItem -->
  <testcase classname="com.testserver.testcases.DInsurance_Test" name="insuAttachDocPendingLiqui" time="0.0">
    <ignored/>
  </testcase> <!-- insuAttachDocPendingLiqui -->
  <testcase classname="com.testserver.testcases.DInsurance_Test" name="insuConfirmSecond" time="0.0">
    <ignored/>
  </testcase> <!-- insuConfirmSecond -->
  <testcase classname="com.testserver.testcases.DInsurance_Test" name="insuPendingLiquidSetDisposition" time="0.0">
    <ignored/>
  </testcase> <!-- insuPendingLiquidSetDisposition -->
  <testcase classname="com.testserver.testcases.DInsurance_Test" name="insuClaimAmount" time="0.0">
    <ignored/>
  </testcase> <!-- insuClaimAmount -->
  <testcase classname="com.testserver.testcases.DInsurance_Test" name="insuUpdateCallSelectItem" time="0.0">
    <ignored/>
  </testcase> <!-- insuUpdateCallSelectItem -->
  <testcase classname="com.testserver.testcases.DInsurance_Test" name="insuClaimResolutionAddRemarks" time="0.0">
    <ignored/>
  </testcase> <!-- insuClaimResolutionAddRemarks -->
  <testcase classname="com.testserver.testcases.DInsurance_Test" name="insuSetDispositionLiquidation" time="0.0">
    <ignored/>
  </testcase> <!-- insuSetDispositionLiquidation -->
  <testcase classname="com.testserver.testcases.DInsurance_Test" name="insuAttachDocInspection" time="0.0">
    <ignored/>
  </testcase> <!-- insuAttachDocInspection -->
  <testcase classname="com.testserver.testcases.DInsurance_Test" name="insuConfirm5th" time="0.0">
    <ignored/>
  </testcase> <!-- insuConfirm5th -->
  <testcase classname="com.testserver.testcases.DInsurance_Test" name="insuConfirmFirst" time="0.0">
    <ignored/>
  </testcase> <!-- insuConfirmFirst -->
  <testcase classname="com.testserver.testcases.DInsurance_Test" name="insuAddRemarks" time="0.0">
    <ignored/>
  </testcase> <!-- insuAddRemarks -->
  <testcase classname="com.testserver.testcases.DInsurance_Test" name="insuClaimSubmitionDate" time="0.0">
    <ignored/>
  </testcase> <!-- insuClaimSubmitionDate -->
  <testcase classname="com.testserver.testcases.DInsurance_Test" name="Disposition" time="0.0">
    <ignored/>
  </testcase> <!-- Disposition -->
  <testcase classname="com.testserver.testcases.DInsurance_Test" name="insuClaimResolutionApprovelDate" time="0.0">
    <ignored/>
  </testcase> <!-- insuClaimResolutionApprovelDate -->
  <testcase classname="com.testserver.testcases.DInsurance_Test" name="InsuSurveyorAddRemarks" time="0.0">
    <ignored/>
  </testcase> <!-- InsuSurveyorAddRemarks -->
  <testcase classname="com.testserver.testcases.DInsurance_Test" name="insuConfirmFourth" time="0.0">
    <ignored/>
  </testcase> <!-- insuConfirmFourth -->
  <testcase classname="com.testserver.testcases.DInsurance_Test" name="insuSurveyorSelectItem" time="0.0">
    <ignored/>
  </testcase> <!-- insuSurveyorSelectItem -->
  <testcase classname="com.testserver.testcases.DInsurance_Test" name="insuSelectItem" time="0.0">
    <ignored/>
  </testcase> <!-- insuSelectItem -->
  <testcase classname="com.testserver.testcases.DInsurance_Test" name="insuEnterCallLog" time="0.0">
    <ignored/>
  </testcase> <!-- insuEnterCallLog -->
  <testcase classname="com.testserver.testcases.DInsurance_Test" name="insuClaimResolutionApprovedAmount" time="0.0">
    <ignored/>
  </testcase> <!-- insuClaimResolutionApprovedAmount -->
  <testcase classname="com.testserver.testcases.DInsurance_Test" name="insuClaimResolutionApprove" time="0.0">
    <ignored/>
  </testcase> <!-- insuClaimResolutionApprove -->
  <testcase classname="com.testserver.testcases.DInsurance_Test" name="insuUpdateClaimCallLog" time="0.0">
    <ignored/>
  </testcase> <!-- insuUpdateClaimCallLog -->
  <testcase classname="com.testserver.testcases.DInsurance_Test" name="insuConfirmThird" time="0.0">
    <ignored/>
  </testcase> <!-- insuConfirmThird -->
  <testcase classname="com.testserver.testcases.DInsurance_Test" name="insuAttachDoc" time="0.0">
    <ignored/>
  </testcase> <!-- insuAttachDoc -->
  <testcase classname="com.testserver.testcases.DInsurance_Test" name="Insurance1" time="0.0">
    <ignored/>
  </testcase> <!-- Insurance1 -->
=======
<testsuite ignored="0" hostname="LAPTOP-9FDKH1JV" failures="0" tests="1" name="Default test" time="0.03" errors="0" timestamp="2024-06-05T14:03:23 IST">
  <testcase classname="com.testserver.testcases.ALogin_QATest" name="@BeforeSuite setUp" time="0.031">
    <failure type="java.lang.IllegalStateException" message="The driver executable does not exist: C:\Users\L\eclipse-workspace\new-Jenkins-main\new-Jenkins-main\src\main\resources\chromedriver.exe">
      <![CDATA[java.lang.IllegalStateException: The driver executable does not exist: C:\Users\L\eclipse-workspace\new-Jenkins-main\new-Jenkins-main\src\main\resources\chromedriver.exe
at com.google.common.base.Preconditions.checkState(Preconditions.java:585)
at org.openqa.selenium.remote.service.DriverService.checkExecutable(DriverService.java:146)
at org.openqa.selenium.remote.service.DriverService.findExecutable(DriverService.java:141)
at org.openqa.selenium.chrome.ChromeDriverService.access$000(ChromeDriverService.java:35)
at org.openqa.selenium.chrome.ChromeDriverService$Builder.findDefaultExecutable(ChromeDriverService.java:159)
at org.openqa.selenium.remote.service.DriverService$Builder.build(DriverService.java:355)
at org.openqa.selenium.chrome.ChromeDriverService.createDefaultService(ChromeDriverService.java:94)
at org.openqa.selenium.chrome.ChromeDriver.<init>(ChromeDriver.java:123)
at com.test.baseclass.initialiazeChrome.initialization(initialiazeChrome.java:61)
at com.testserver.testcases.ALogin_QATest.setUp(ALogin_QATest.java:23)
at java.base/jdk.internal.reflect.DirectMethodHandleAccessor.invoke(DirectMethodHandleAccessor.java:103)
at java.base/java.lang.reflect.Method.invoke(Method.java:580)
at org.testng.internal.MethodInvocationHelper.invokeMethod(MethodInvocationHelper.java:133)
at org.testng.internal.MethodInvocationHelper.invokeMethodConsideringTimeout(MethodInvocationHelper.java:62)
at org.testng.internal.ConfigInvoker.invokeConfigurationMethod(ConfigInvoker.java:385)
at org.testng.internal.ConfigInvoker.invokeConfigurations(ConfigInvoker.java:321)
at org.testng.SuiteRunner.privateRun(SuiteRunner.java:317)
at org.testng.SuiteRunner.run(SuiteRunner.java:276)
at org.testng.SuiteRunnerWorker.runSuite(SuiteRunnerWorker.java:53)
at org.testng.SuiteRunnerWorker.run(SuiteRunnerWorker.java:96)
at org.testng.TestNG.runSuitesSequentially(TestNG.java:1212)
at org.testng.TestNG.runSuitesLocally(TestNG.java:1134)
at org.testng.TestNG.runSuites(TestNG.java:1063)
at org.testng.TestNG.run(TestNG.java:1031)
at org.testng.remote.AbstractRemoteTestNG.run(AbstractRemoteTestNG.java:115)
at org.testng.remote.RemoteTestNG.initAndRun(RemoteTestNG.java:293)
at org.testng.remote.RemoteTestNG.main(RemoteTestNG.java:91)
]]>
    </failure>
  </testcase> <!-- @BeforeSuite setUp -->
  <testcase classname="com.testserver.testcases.ALogin_QATest" name="@BeforeTest signIn" time="-1.717576403629E9">
    <skipped/>
  </testcase> <!-- @BeforeTest signIn -->
  <testcase classname="com.testserver.testcases.ALogin_QATest" name="loginTest" time="0.0">
    <skipped/>
  </testcase> <!-- loginTest -->
>>>>>>> d10113d (First commit msg)
</testsuite> <!-- Default test -->
