<!DOCTYPE html PUBLIC "-//W3C//DTD XHTML 1.1//EN" "https://www.w3.org/TR/xhtml11/DTD/xhtml11.dtd">
<html xmlns="https://www.w3.org/1999/xhtml">
<head>
<meta http-equiv="content-type" content="text/html; charset=UTF-8"/>
<title>TestNG Report</title>
<style type="text/css">table {margin-bottom:10px;border-collapse:collapse;empty-cells:show}th,td {border:1px solid #009;padding:.25em .5em}th {vertical-align:bottom}td {vertical-align:top}table a {font-weight:bold}.stripe td {background-color: #E6EBF9}.num {text-align:right}.passedodd td {background-color: #3F3}.passedeven td {background-color: #0A0}.skippedodd td {background-color: #DDD}.skippedeven td {background-color: #CCC}.failedodd td,.attn {background-color: #F33}.failedeven td,.stripe .attn {background-color: #D00}.stacktrace {white-space:pre;font-family:monospace}.totop {font-size:85%;text-align:center;border-bottom:2px solid #000}.invisible {display:none}</style>
</head>
<body>
<table>
<tr><th>Test</th><th># Passed</th><th># Skipped</th><th># Retried</th><th># Failed</th><th>Time (ms)</th><th>Included Groups</th><th>Excluded Groups</th></tr>
<<<<<<< HEAD
<tr><th colspan="8">Suite</th></tr>
<tr><td><a href="#t0">Test</a></td><td class="num">16</td><td class="num">0</td><td class="num">0</td><td class="num">0</td><td class="num">38,133</td><td></td><td></td></tr>
</table>
<table id='summary'><thead><tr><th>Class</th><th>Method</th><th>Start</th><th>Time (ms)</th></tr></thead><tbody><tr><th colspan="4">Suite</th></tr></tbody><tbody id="t0"><tr><th colspan="4">Test &#8212; passed</th></tr><tr class="passedeven"><td rowspan="1">com.testserver.testcases.ALogin_QATest</td><td><a href="#m0">loginTest</a></td><td rowspan="1">1713329738015</td><td rowspan="1">9898</td></tr><tr class="passedodd"><td rowspan="1">com.testserver.testcases.BDisposition_Test</td><td><a href="#m1">clickOnDispositionlinkTest</a></td><td rowspan="1">1713329747921</td><td rowspan="1">4734</td></tr><tr class="passedeven"><td rowspan="14">com.testserver.testcases.FRTV_Test</td><td><a href="#m2">RTV</a></td><td rowspan="1">1713329752666</td><td rowspan="1">1888</td></tr><tr class="passedeven"><td><a href="#m3">RTVAddRemarks</a></td><td rowspan="1">1713329759742</td><td rowspan="1">895</td></tr><tr class="passedeven"><td><a href="#m4">RTVAttachDoc</a></td><td rowspan="1">1713329760639</td><td rowspan="1">2837</td></tr><tr class="passedeven"><td><a href="#m5">RTVConfirm</a></td><td rowspan="1">1713329763486</td><td rowspan="1">1652</td></tr><tr class="passedeven"><td><a href="#m6">RTVConfirmDispatch</a></td><td rowspan="1">1713329772755</td><td rowspan="1">1119</td></tr><tr class="passedeven"><td><a href="#m7">RTVDispatchOkbutton</a></td><td rowspan="1">1713329773879</td><td rowspan="1">2075</td></tr><tr class="passedeven"><td><a href="#m8">RTVDispoToInsurance</a></td><td rowspan="1">1713329758063</td><td rowspan="1">1673</td></tr><tr class="passedeven"><td><a href="#m9">RTVLotName</a></td><td rowspan="1">1713329771949</td><td rowspan="1">804</td></tr><tr class="passedeven"><td><a href="#m10">RTVMoveToDispatch</a></td><td rowspan="1">1713329768327</td><td rowspan="1">1201</td></tr><tr class="passedeven"><td><a href="#m11">RTVSetDisposition</a></td><td rowspan="1">1713329756402</td><td rowspan="1">1659</td></tr><tr class="passedeven"><td><a href="#m12">RTVVendorDropdown</a></td><td rowspan="1">1713329769685</td><td rowspan="1">2263</td></tr><tr class="passedeven"><td><a href="#m13">RTVVendorcode</a></td><td rowspan="1">1713329769531</td><td rowspan="1">153</td></tr><tr class="passedeven"><td><a href="#m14">rtvSelectItem</a></td><td rowspan="1">1713329754557</td><td rowspan="1">1843</td></tr><tr class="passedeven"><td><a href="#m15">rtvSelectItemForDispatch</a></td><td rowspan="1">1713329765145</td><td rowspan="1">3181</td></tr></tbody>
</table>
<h2>Test</h2><h3 id="m0">com.testserver.testcases.ALogin_QATest#loginTest</h3><table class="result"><tr><th class="invisible"/></tr></table><p class="totop"><a href="#summary">back to summary</a></p>
<h3 id="m1">com.testserver.testcases.BDisposition_Test#clickOnDispositionlinkTest</h3><table class="result"><tr><th class="invisible"/></tr></table><p class="totop"><a href="#summary">back to summary</a></p>
<h3 id="m2">com.testserver.testcases.FRTV_Test#RTV</h3><table class="result"><tr><th class="invisible"/></tr></table><p class="totop"><a href="#summary">back to summary</a></p>
<h3 id="m3">com.testserver.testcases.FRTV_Test#RTVAddRemarks</h3><table class="result"><tr><th class="invisible"/></tr></table><p class="totop"><a href="#summary">back to summary</a></p>
<h3 id="m4">com.testserver.testcases.FRTV_Test#RTVAttachDoc</h3><table class="result"><tr><th class="invisible"/></tr></table><p class="totop"><a href="#summary">back to summary</a></p>
<h3 id="m5">com.testserver.testcases.FRTV_Test#RTVConfirm</h3><table class="result"><tr><th class="invisible"/></tr></table><p class="totop"><a href="#summary">back to summary</a></p>
<h3 id="m6">com.testserver.testcases.FRTV_Test#RTVConfirmDispatch</h3><table class="result"><tr><th class="invisible"/></tr></table><p class="totop"><a href="#summary">back to summary</a></p>
<h3 id="m7">com.testserver.testcases.FRTV_Test#RTVDispatchOkbutton</h3><table class="result"><tr><th class="invisible"/></tr></table><p class="totop"><a href="#summary">back to summary</a></p>
<h3 id="m8">com.testserver.testcases.FRTV_Test#RTVDispoToInsurance</h3><table class="result"><tr><th class="invisible"/></tr></table><p class="totop"><a href="#summary">back to summary</a></p>
<h3 id="m9">com.testserver.testcases.FRTV_Test#RTVLotName</h3><table class="result"><tr><th class="invisible"/></tr></table><p class="totop"><a href="#summary">back to summary</a></p>
<h3 id="m10">com.testserver.testcases.FRTV_Test#RTVMoveToDispatch</h3><table class="result"><tr><th class="invisible"/></tr></table><p class="totop"><a href="#summary">back to summary</a></p>
<h3 id="m11">com.testserver.testcases.FRTV_Test#RTVSetDisposition</h3><table class="result"><tr><th class="invisible"/></tr></table><p class="totop"><a href="#summary">back to summary</a></p>
<h3 id="m12">com.testserver.testcases.FRTV_Test#RTVVendorDropdown</h3><table class="result"><tr><th class="invisible"/></tr></table><p class="totop"><a href="#summary">back to summary</a></p>
<h3 id="m13">com.testserver.testcases.FRTV_Test#RTVVendorcode</h3><table class="result"><tr><th class="invisible"/></tr></table><p class="totop"><a href="#summary">back to summary</a></p>
<h3 id="m14">com.testserver.testcases.FRTV_Test#rtvSelectItem</h3><table class="result"><tr><th class="invisible"/></tr></table><p class="totop"><a href="#summary">back to summary</a></p>
<h3 id="m15">com.testserver.testcases.FRTV_Test#rtvSelectItemForDispatch</h3><table class="result"><tr><th class="invisible"/></tr></table><p class="totop"><a href="#summary">back to summary</a></p>
=======
<tr><th colspan="8">Default suite</th></tr>
<tr><td><a href="#t0">Default test</a></td><td class="num">0</td><td class="num attn">1</td><td class="num">0</td><td class="num">0</td><td class="num">30</td><td></td><td></td></tr>
</table>
<table id='summary'><thead><tr><th>Class</th><th>Method</th><th>Start</th><th>Time (ms)</th></tr></thead><tbody><tr><th colspan="4">Default suite</th></tr></tbody><tbody id="t0"><tr><th colspan="4">Default test &#8212; failed (configuration methods)</th></tr><tr class="failedeven"><td rowspan="1">com.testserver.testcases.ALogin_QATest</td><td><a href="#m0">setUp</a></td><td rowspan="1">1717576403586</td><td rowspan="1">31</td></tr><tr><th colspan="4">Default test &#8212; skipped (configuration methods)</th></tr><tr class="skippedeven"><td rowspan="2">com.testserver.testcases.ALogin_QATest</td><td><a href="#m1">signIn</a></td><td rowspan="1">1717576403629</td><td rowspan="1">-1717576403629</td></tr><tr class="skippedeven"><td><a href="#m2">tearDown</a></td><td rowspan="1">1717576403736</td><td rowspan="1">-1717576403736</td></tr><tr><th colspan="4">Default test &#8212; skipped</th></tr><tr class="skippedeven"><td rowspan="1">com.testserver.testcases.ALogin_QATest</td><td><a href="#m3">loginTest</a></td><td rowspan="1">1717576403649</td><td rowspan="1">0</td></tr></tbody>
</table>
<h2>Default test</h2><h3 id="m0">com.testserver.testcases.ALogin_QATest#setUp</h3><table class="result"><tr><th>Exception</th></tr><tr><td><div class="stacktrace">java.lang.IllegalStateException: The driver executable does not exist: C:\Users\L\eclipse-workspace\new-Jenkins-main\new-Jenkins-main\src\main\resources\chromedriver.exe
	at com.google.common.base.Preconditions.checkState(Preconditions.java:585)
	at org.openqa.selenium.remote.service.DriverService.checkExecutable(DriverService.java:146)
	at org.openqa.selenium.remote.service.DriverService.findExecutable(DriverService.java:141)
	at org.openqa.selenium.chrome.ChromeDriverService.access$000(ChromeDriverService.java:35)
	at org.openqa.selenium.chrome.ChromeDriverService$Builder.findDefaultExecutable(ChromeDriverService.java:159)
	at org.openqa.selenium.remote.service.DriverService$Builder.build(DriverService.java:355)
	at org.openqa.selenium.chrome.ChromeDriverService.createDefaultService(ChromeDriverService.java:94)
	at org.openqa.selenium.chrome.ChromeDriver.&lt;init&gt;(ChromeDriver.java:123)
	at com.test.baseclass.initialiazeChrome.initialization(initialiazeChrome.java:61)
	at com.testserver.testcases.ALogin_QATest.setUp(ALogin_QATest.java:23)
	at java.base/jdk.internal.reflect.DirectMethodHandleAccessor.invoke(DirectMethodHandleAccessor.java:103)
	at java.base/java.lang.reflect.Method.invoke(Method.java:580)
	at org.testng.internal.MethodInvocationHelper.invokeMethod(MethodInvocationHelper.java:133)
	at org.testng.internal.MethodInvocationHelper.invokeMethodConsideringTimeout(MethodInvocationHelper.java:62)
	at org.testng.internal.ConfigInvoker.invokeConfigurationMethod(ConfigInvoker.java:385)
	at org.testng.internal.ConfigInvoker.invokeConfigurations(ConfigInvoker.java:321)
	at org.testng.SuiteRunner.privateRun(SuiteRunner.java:317)
	at org.testng.SuiteRunner.run(SuiteRunner.java:276)
	at org.testng.SuiteRunnerWorker.runSuite(SuiteRunnerWorker.java:53)
	at org.testng.SuiteRunnerWorker.run(SuiteRunnerWorker.java:96)
	at org.testng.TestNG.runSuitesSequentially(TestNG.java:1212)
	at org.testng.TestNG.runSuitesLocally(TestNG.java:1134)
	at org.testng.TestNG.runSuites(TestNG.java:1063)
	at org.testng.TestNG.run(TestNG.java:1031)
	at org.testng.remote.AbstractRemoteTestNG.run(AbstractRemoteTestNG.java:115)
	at org.testng.remote.RemoteTestNG.initAndRun(RemoteTestNG.java:293)
	at org.testng.remote.RemoteTestNG.main(RemoteTestNG.java:91)
</div></td></tr></table><p class="totop"><a href="#summary">back to summary</a></p>
<h3 id="m1">com.testserver.testcases.ALogin_QATest#signIn</h3><table class="result"><tr><th class="invisible"/></tr></table><p class="totop"><a href="#summary">back to summary</a></p>
<h3 id="m2">com.testserver.testcases.ALogin_QATest#tearDown</h3><table class="result"><tr><th class="invisible"/></tr></table><p class="totop"><a href="#summary">back to summary</a></p>
<h3 id="m3">com.testserver.testcases.ALogin_QATest#loginTest</h3><table class="result"><tr><th>Exception</th></tr><tr><td><div class="stacktrace">java.lang.IllegalStateException: The driver executable does not exist: C:\Users\L\eclipse-workspace\new-Jenkins-main\new-Jenkins-main\src\main\resources\chromedriver.exe
	at com.google.common.base.Preconditions.checkState(Preconditions.java:585)
	at org.openqa.selenium.remote.service.DriverService.checkExecutable(DriverService.java:146)
	at org.openqa.selenium.remote.service.DriverService.findExecutable(DriverService.java:141)
	at org.openqa.selenium.chrome.ChromeDriverService.access$000(ChromeDriverService.java:35)
	at org.openqa.selenium.chrome.ChromeDriverService$Builder.findDefaultExecutable(ChromeDriverService.java:159)
	at org.openqa.selenium.remote.service.DriverService$Builder.build(DriverService.java:355)
	at org.openqa.selenium.chrome.ChromeDriverService.createDefaultService(ChromeDriverService.java:94)
	at org.openqa.selenium.chrome.ChromeDriver.&lt;init&gt;(ChromeDriver.java:123)
	at com.test.baseclass.initialiazeChrome.initialization(initialiazeChrome.java:61)
	at com.testserver.testcases.ALogin_QATest.setUp(ALogin_QATest.java:23)
	at java.base/jdk.internal.reflect.DirectMethodHandleAccessor.invoke(DirectMethodHandleAccessor.java:103)
	at java.base/java.lang.reflect.Method.invoke(Method.java:580)
	at org.testng.internal.MethodInvocationHelper.invokeMethod(MethodInvocationHelper.java:133)
	at org.testng.internal.MethodInvocationHelper.invokeMethodConsideringTimeout(MethodInvocationHelper.java:62)
	at org.testng.internal.ConfigInvoker.invokeConfigurationMethod(ConfigInvoker.java:385)
	at org.testng.internal.ConfigInvoker.invokeConfigurations(ConfigInvoker.java:321)
	at org.testng.SuiteRunner.privateRun(SuiteRunner.java:317)
	at org.testng.SuiteRunner.run(SuiteRunner.java:276)
	at org.testng.SuiteRunnerWorker.runSuite(SuiteRunnerWorker.java:53)
	at org.testng.SuiteRunnerWorker.run(SuiteRunnerWorker.java:96)
	at org.testng.TestNG.runSuitesSequentially(TestNG.java:1212)
	at org.testng.TestNG.runSuitesLocally(TestNG.java:1134)
	at org.testng.TestNG.runSuites(TestNG.java:1063)
	at org.testng.TestNG.run(TestNG.java:1031)
	at org.testng.remote.AbstractRemoteTestNG.run(AbstractRemoteTestNG.java:115)
	at org.testng.remote.RemoteTestNG.initAndRun(RemoteTestNG.java:293)
	at org.testng.remote.RemoteTestNG.main(RemoteTestNG.java:91)
</div></td></tr></table><p class="totop"><a href="#summary">back to summary</a></p>
>>>>>>> d10113d (First commit msg)
</body>
</html>
