<?xml version="1.0" encoding="UTF-8"?>
<<<<<<< HEAD
<testng-results ignored="0" total="16" passed="16" failed="0" skipped="0">
  <reporter-output>
  </reporter-output>
  <suite started-at="2024-04-17T10:25:37 IST" name="Suite" finished-at="2024-04-17T10:26:15 IST" duration-ms="38133">
    <groups>
    </groups>
    <test started-at="2024-04-17T10:25:37 IST" name="Test" finished-at="2024-04-17T10:26:15 IST" duration-ms="38133">
      <class name="com.testserver.testcases.BDisposition_Test">
        <test-method is-config="true" signature="dispositonBCL()[pri:0, instance:com.testserver.testcases.BDisposition_Test@702657cc]" started-at="2024-04-17T10:25:37 IST" name="dispositonBCL" finished-at="2024-04-17T10:25:37 IST" duration-ms="15" status="PASS">
          <reporter-output>
          </reporter-output>
        </test-method> <!-- dispositonBCL -->
        <test-method signature="clickOnDispositionlinkTest()[pri:1, instance:com.testserver.testcases.BDisposition_Test@702657cc]" started-at="2024-04-17T10:25:47 IST" name="clickOnDispositionlinkTest" finished-at="2024-04-17T10:25:52 IST" duration-ms="4734" status="PASS">
          <reporter-output>
          </reporter-output>
        </test-method> <!-- clickOnDispositionlinkTest -->
      </class> <!-- com.testserver.testcases.BDisposition_Test -->
      <class name="com.testserver.testcases.FRTV_Test">
        <test-method is-config="true" signature="RTV1()[pri:0, instance:com.testserver.testcases.FRTV_Test@6a6cb05c]" started-at="2024-04-17T10:25:37 IST" name="RTV1" finished-at="2024-04-17T10:25:37 IST" duration-ms="13" status="PASS">
          <reporter-output>
          </reporter-output>
        </test-method> <!-- RTV1 -->
        <test-method signature="RTV()[pri:1, instance:com.testserver.testcases.FRTV_Test@6a6cb05c]" started-at="2024-04-17T10:25:52 IST" name="RTV" finished-at="2024-04-17T10:25:54 IST" duration-ms="1888" status="PASS">
          <reporter-output>
          </reporter-output>
        </test-method> <!-- RTV -->
        <test-method signature="rtvSelectItem()[pri:2, instance:com.testserver.testcases.FRTV_Test@6a6cb05c]" started-at="2024-04-17T10:25:54 IST" name="rtvSelectItem" finished-at="2024-04-17T10:25:56 IST" duration-ms="1843" status="PASS">
          <reporter-output>
          </reporter-output>
        </test-method> <!-- rtvSelectItem -->
        <test-method signature="RTVSetDisposition()[pri:3, instance:com.testserver.testcases.FRTV_Test@6a6cb05c]" started-at="2024-04-17T10:25:56 IST" name="RTVSetDisposition" finished-at="2024-04-17T10:25:58 IST" duration-ms="1659" status="PASS">
          <reporter-output>
          </reporter-output>
        </test-method> <!-- RTVSetDisposition -->
        <test-method signature="RTVDispoToInsurance()[pri:4, instance:com.testserver.testcases.FRTV_Test@6a6cb05c]" started-at="2024-04-17T10:25:58 IST" name="RTVDispoToInsurance" finished-at="2024-04-17T10:25:59 IST" duration-ms="1673" status="PASS">
          <reporter-output>
          </reporter-output>
        </test-method> <!-- RTVDispoToInsurance -->
        <test-method signature="RTVAddRemarks()[pri:5, instance:com.testserver.testcases.FRTV_Test@6a6cb05c]" started-at="2024-04-17T10:25:59 IST" name="RTVAddRemarks" finished-at="2024-04-17T10:26:00 IST" duration-ms="895" status="PASS">
          <reporter-output>
          </reporter-output>
        </test-method> <!-- RTVAddRemarks -->
        <test-method signature="RTVAttachDoc()[pri:6, instance:com.testserver.testcases.FRTV_Test@6a6cb05c]" started-at="2024-04-17T10:26:00 IST" name="RTVAttachDoc" finished-at="2024-04-17T10:26:03 IST" duration-ms="2837" status="PASS">
          <reporter-output>
          </reporter-output>
        </test-method> <!-- RTVAttachDoc -->
        <test-method signature="RTVConfirm()[pri:7, instance:com.testserver.testcases.FRTV_Test@6a6cb05c]" started-at="2024-04-17T10:26:03 IST" name="RTVConfirm" finished-at="2024-04-17T10:26:05 IST" duration-ms="1652" status="PASS">
          <reporter-output>
          </reporter-output>
        </test-method> <!-- RTVConfirm -->
        <test-method signature="rtvSelectItemForDispatch()[pri:8, instance:com.testserver.testcases.FRTV_Test@6a6cb05c]" started-at="2024-04-17T10:26:05 IST" name="rtvSelectItemForDispatch" finished-at="2024-04-17T10:26:08 IST" duration-ms="3181" status="PASS">
          <reporter-output>
          </reporter-output>
        </test-method> <!-- rtvSelectItemForDispatch -->
        <test-method signature="RTVMoveToDispatch()[pri:9, instance:com.testserver.testcases.FRTV_Test@6a6cb05c]" started-at="2024-04-17T10:26:08 IST" name="RTVMoveToDispatch" finished-at="2024-04-17T10:26:09 IST" duration-ms="1201" status="PASS">
          <reporter-output>
          </reporter-output>
        </test-method> <!-- RTVMoveToDispatch -->
        <test-method signature="RTVVendorcode()[pri:10, instance:com.testserver.testcases.FRTV_Test@6a6cb05c]" started-at="2024-04-17T10:26:09 IST" name="RTVVendorcode" finished-at="2024-04-17T10:26:09 IST" duration-ms="153" status="PASS">
          <reporter-output>
          </reporter-output>
        </test-method> <!-- RTVVendorcode -->
        <test-method signature="RTVVendorDropdown()[pri:11, instance:com.testserver.testcases.FRTV_Test@6a6cb05c]" started-at="2024-04-17T10:26:09 IST" name="RTVVendorDropdown" finished-at="2024-04-17T10:26:11 IST" duration-ms="2263" status="PASS">
          <reporter-output>
          </reporter-output>
        </test-method> <!-- RTVVendorDropdown -->
        <test-method signature="RTVLotName()[pri:12, instance:com.testserver.testcases.FRTV_Test@6a6cb05c]" started-at="2024-04-17T10:26:11 IST" name="RTVLotName" finished-at="2024-04-17T10:26:12 IST" duration-ms="804" status="PASS">
          <reporter-output>
          </reporter-output>
        </test-method> <!-- RTVLotName -->
        <test-method signature="RTVConfirmDispatch()[pri:13, instance:com.testserver.testcases.FRTV_Test@6a6cb05c]" started-at="2024-04-17T10:26:12 IST" name="RTVConfirmDispatch" finished-at="2024-04-17T10:26:13 IST" duration-ms="1119" status="PASS">
          <reporter-output>
          </reporter-output>
        </test-method> <!-- RTVConfirmDispatch -->
        <test-method signature="RTVDispatchOkbutton()[pri:14, instance:com.testserver.testcases.FRTV_Test@6a6cb05c]" started-at="2024-04-17T10:26:13 IST" name="RTVDispatchOkbutton" finished-at="2024-04-17T10:26:15 IST" duration-ms="2075" status="PASS">
          <reporter-output>
          </reporter-output>
        </test-method> <!-- RTVDispatchOkbutton -->
      </class> <!-- com.testserver.testcases.FRTV_Test -->
      <class name="com.testserver.testcases.ALogin_QATest">
        <test-method is-config="true" signature="setUp()[pri:0, instance:com.testserver.testcases.ALogin_QATest@292b08d6]" started-at="2024-04-17T10:25:18 IST" name="setUp" finished-at="2024-04-17T10:25:37 IST" duration-ms="19313" status="PASS">
          <reporter-output>
          </reporter-output>
        </test-method> <!-- setUp -->
        <test-method is-config="true" signature="signIn()[pri:0, instance:com.testserver.testcases.ALogin_QATest@292b08d6]" started-at="2024-04-17T10:25:37 IST" name="signIn" finished-at="2024-04-17T10:25:37 IST" duration-ms="52" status="PASS">
          <reporter-output>
          </reporter-output>
        </test-method> <!-- signIn -->
        <test-method signature="loginTest()[pri:0, instance:com.testserver.testcases.ALogin_QATest@292b08d6]" started-at="2024-04-17T10:25:38 IST" name="loginTest" finished-at="2024-04-17T10:25:47 IST" duration-ms="9898" status="PASS">
          <reporter-output>
          </reporter-output>
        </test-method> <!-- loginTest -->
        <test-method is-config="true" signature="tearDown()[pri:0, instance:com.testserver.testcases.ALogin_QATest@292b08d6]" started-at="2024-04-17T10:26:16 IST" name="tearDown" finished-at="2024-04-17T10:26:16 IST" duration-ms="289" status="PASS">
=======
<testng-results ignored="0" total="1" passed="0" failed="0" skipped="1">
  <reporter-output>
  </reporter-output>
  <suite started-at="2024-06-05T14:03:23 IST" name="Default suite" finished-at="2024-06-05T14:03:23 IST" duration-ms="30">
    <groups>
    </groups>
    <test started-at="2024-06-05T14:03:23 IST" name="Default test" finished-at="2024-06-05T14:03:23 IST" duration-ms="30">
      <class name="com.testserver.testcases.ALogin_QATest">
        <test-method is-config="true" signature="setUp()[pri:0, instance:com.testserver.testcases.ALogin_QATest@6379eb]" started-at="2024-06-05T14:03:23 IST" name="setUp" finished-at="2024-06-05T14:03:23 IST" duration-ms="31" status="FAIL">
          <exception class="java.lang.IllegalStateException">
            <message>
              <![CDATA[The driver executable does not exist: C:\Users\L\eclipse-workspace\new-Jenkins-main\new-Jenkins-main\src\main\resources\chromedriver.exe]]>
            </message>
            <full-stacktrace>
              <![CDATA[java.lang.IllegalStateException: The driver executable does not exist: C:\Users\L\eclipse-workspace\new-Jenkins-main\new-Jenkins-main\src\main\resources\chromedriver.exe
at com.google.common.base.Preconditions.checkState(Preconditions.java:585)
at org.openqa.selenium.remote.service.DriverService.checkExecutable(DriverService.java:146)
at org.openqa.selenium.remote.service.DriverService.findExecutable(DriverService.java:141)
at org.openqa.selenium.chrome.ChromeDriverService.access$000(ChromeDriverService.java:35)
at org.openqa.selenium.chrome.ChromeDriverService$Builder.findDefaultExecutable(ChromeDriverService.java:159)
at org.openqa.selenium.remote.service.DriverService$Builder.build(DriverService.java:355)
at org.openqa.selenium.chrome.ChromeDriverService.createDefaultService(ChromeDriverService.java:94)
at org.openqa.selenium.chrome.ChromeDriver.<init>(ChromeDriver.java:123)
at com.test.baseclass.initialiazeChrome.initialization(initialiazeChrome.java:61)
at com.testserver.testcases.ALogin_QATest.setUp(ALogin_QATest.java:23)
at java.base/jdk.internal.reflect.DirectMethodHandleAccessor.invoke(DirectMethodHandleAccessor.java:103)
at java.base/java.lang.reflect.Method.invoke(Method.java:580)
at org.testng.internal.MethodInvocationHelper.invokeMethod(MethodInvocationHelper.java:133)
at org.testng.internal.MethodInvocationHelper.invokeMethodConsideringTimeout(MethodInvocationHelper.java:62)
at org.testng.internal.ConfigInvoker.invokeConfigurationMethod(ConfigInvoker.java:385)
at org.testng.internal.ConfigInvoker.invokeConfigurations(ConfigInvoker.java:321)
at org.testng.SuiteRunner.privateRun(SuiteRunner.java:317)
at org.testng.SuiteRunner.run(SuiteRunner.java:276)
at org.testng.SuiteRunnerWorker.runSuite(SuiteRunnerWorker.java:53)
at org.testng.SuiteRunnerWorker.run(SuiteRunnerWorker.java:96)
at org.testng.TestNG.runSuitesSequentially(TestNG.java:1212)
at org.testng.TestNG.runSuitesLocally(TestNG.java:1134)
at org.testng.TestNG.runSuites(TestNG.java:1063)
at org.testng.TestNG.run(TestNG.java:1031)
at org.testng.remote.AbstractRemoteTestNG.run(AbstractRemoteTestNG.java:115)
at org.testng.remote.RemoteTestNG.initAndRun(RemoteTestNG.java:293)
at org.testng.remote.RemoteTestNG.main(RemoteTestNG.java:91)
]]>
            </full-stacktrace>
          </exception> <!-- java.lang.IllegalStateException -->
          <reporter-output>
          </reporter-output>
        </test-method> <!-- setUp -->
        <test-method is-config="true" signature="signIn()[pri:0, instance:com.testserver.testcases.ALogin_QATest@6379eb]" started-at="2024-06-05T14:03:23 IST" name="signIn" finished-at="1970-01-01T05:30:00 IST" duration-ms="-1717576403629" status="SKIP">
          <reporter-output>
          </reporter-output>
        </test-method> <!-- signIn -->
        <test-method signature="loginTest()[pri:0, instance:com.testserver.testcases.ALogin_QATest@6379eb]" started-at="2024-06-05T14:03:23 IST" name="loginTest" finished-at="2024-06-05T14:03:23 IST" duration-ms="0" status="SKIP">
          <exception class="java.lang.IllegalStateException">
            <message>
              <![CDATA[The driver executable does not exist: C:\Users\L\eclipse-workspace\new-Jenkins-main\new-Jenkins-main\src\main\resources\chromedriver.exe]]>
            </message>
            <full-stacktrace>
              <![CDATA[java.lang.IllegalStateException: The driver executable does not exist: C:\Users\L\eclipse-workspace\new-Jenkins-main\new-Jenkins-main\src\main\resources\chromedriver.exe
at com.google.common.base.Preconditions.checkState(Preconditions.java:585)
at org.openqa.selenium.remote.service.DriverService.checkExecutable(DriverService.java:146)
at org.openqa.selenium.remote.service.DriverService.findExecutable(DriverService.java:141)
at org.openqa.selenium.chrome.ChromeDriverService.access$000(ChromeDriverService.java:35)
at org.openqa.selenium.chrome.ChromeDriverService$Builder.findDefaultExecutable(ChromeDriverService.java:159)
at org.openqa.selenium.remote.service.DriverService$Builder.build(DriverService.java:355)
at org.openqa.selenium.chrome.ChromeDriverService.createDefaultService(ChromeDriverService.java:94)
at org.openqa.selenium.chrome.ChromeDriver.<init>(ChromeDriver.java:123)
at com.test.baseclass.initialiazeChrome.initialization(initialiazeChrome.java:61)
at com.testserver.testcases.ALogin_QATest.setUp(ALogin_QATest.java:23)
at java.base/jdk.internal.reflect.DirectMethodHandleAccessor.invoke(DirectMethodHandleAccessor.java:103)
at java.base/java.lang.reflect.Method.invoke(Method.java:580)
at org.testng.internal.MethodInvocationHelper.invokeMethod(MethodInvocationHelper.java:133)
at org.testng.internal.MethodInvocationHelper.invokeMethodConsideringTimeout(MethodInvocationHelper.java:62)
at org.testng.internal.ConfigInvoker.invokeConfigurationMethod(ConfigInvoker.java:385)
at org.testng.internal.ConfigInvoker.invokeConfigurations(ConfigInvoker.java:321)
at org.testng.SuiteRunner.privateRun(SuiteRunner.java:317)
at org.testng.SuiteRunner.run(SuiteRunner.java:276)
at org.testng.SuiteRunnerWorker.runSuite(SuiteRunnerWorker.java:53)
at org.testng.SuiteRunnerWorker.run(SuiteRunnerWorker.java:96)
at org.testng.TestNG.runSuitesSequentially(TestNG.java:1212)
at org.testng.TestNG.runSuitesLocally(TestNG.java:1134)
at org.testng.TestNG.runSuites(TestNG.java:1063)
at org.testng.TestNG.run(TestNG.java:1031)
at org.testng.remote.AbstractRemoteTestNG.run(AbstractRemoteTestNG.java:115)
at org.testng.remote.RemoteTestNG.initAndRun(RemoteTestNG.java:293)
at org.testng.remote.RemoteTestNG.main(RemoteTestNG.java:91)
]]>
            </full-stacktrace>
          </exception> <!-- java.lang.IllegalStateException -->
          <reporter-output>
          </reporter-output>
        </test-method> <!-- loginTest -->
        <test-method is-config="true" signature="tearDown()[pri:0, instance:com.testserver.testcases.ALogin_QATest@6379eb]" started-at="2024-06-05T14:03:23 IST" name="tearDown" finished-at="1970-01-01T05:30:00 IST" duration-ms="-1717576403736" status="SKIP">
>>>>>>> d10113d (First commit msg)
          <reporter-output>
          </reporter-output>
        </test-method> <!-- tearDown -->
      </class> <!-- com.testserver.testcases.ALogin_QATest -->
<<<<<<< HEAD
    </test> <!-- Test -->
  </suite> <!-- Suite -->
=======
    </test> <!-- Default test -->
  </suite> <!-- Default suite -->
>>>>>>> d10113d (First commit msg)
</testng-results>
